<?xml version="1.0" encoding="UTF-8"?>
<testng-results ignored="0" total="1" passed="1" failed="0" skipped="0">
  <reporter-output>
  </reporter-output>
  <suite started-at="2022-02-25T07:48:13 IST" name="Suite" finished-at="2022-02-25T07:48:31 IST" duration-ms="17533">
    <groups>
    </groups>
    <test started-at="2022-02-25T07:48:13 IST" name="Test" finished-at="2022-02-25T07:48:31 IST" duration-ms="17533">
      <class name="session9.TestCase1">
        <test-method is-config="true" signature="beforeSuite()[pri:0, instance:session9.TestCase1@16150369]" started-at="2022-02-25T07:48:13 IST" name="beforeSuite" finished-at="2022-02-25T07:48:13 IST" duration-ms="448" status="PASS">
          <reporter-output>
          </reporter-output>
        </test-method> <!-- beforeSuite -->
        <test-method is-config="true" signature="beforeTest()[pri:0, instance:session9.TestCase1@16150369]" started-at="2022-02-25T07:48:13 IST" name="beforeTest" finished-at="2022-02-25T07:48:13 IST" duration-ms="0" status="PASS">
          <reporter-output>
          </reporter-output>
        </test-method> <!-- beforeTest -->
        <test-method is-config="true" signature="setData()[pri:0, instance:session9.TestCase1@16150369]" started-at="2022-02-25T07:48:13 IST" name="setData" finished-at="2022-02-25T07:48:13 IST" duration-ms="0" status="PASS">
          <reporter-output>
          </reporter-output>
        </test-method> <!-- setData -->
        <test-method is-config="true" signature="beforeMethod()[pri:0, instance:session9.TestCase1@16150369]" started-at="2022-02-25T07:48:14 IST" name="beforeMethod" finished-at="2022-02-25T07:48:22 IST" duration-ms="7727" status="PASS">
          <reporter-output>
          </reporter-output>
        </test-method> <!-- beforeMethod -->
        <test-method signature="testCase1(java.lang.String,java.lang.String)[pri:0, instance:session9.TestCase1@16150369]" started-at="2022-02-25T07:48:22 IST" name="testCase1" data-provider="fetchData" finished-at="2022-02-25T07:48:31 IST" duration-ms="9152" status="PASS">
          <params>
            <param index="0">
              <value>
                <![CDATA[test]]>
              </value>
            </param>
            <param index="1">
              <value>
                <![CDATA[Dheeshi3101*]]>
              </value>
            </param>
          </params>
          <reporter-output>
          </reporter-output>
        </test-method> <!-- testCase1 -->
        <test-method is-config="true" signature="afterMethod()[pri:0, instance:session9.TestCase1@16150369]" started-at="2022-02-25T07:48:31 IST" name="afterMethod" finished-at="2022-02-25T07:48:31 IST" duration-ms="118" status="PASS">
          <reporter-output>
          </reporter-output>
        </test-method> <!-- afterMethod -->
        <test-method is-config="true" signature="afterTest()[pri:0, instance:session9.TestCase1@16150369]" started-at="2022-02-25T07:48:31 IST" name="afterTest" finished-at="2022-02-25T07:48:31 IST" duration-ms="0" status="PASS">
          <reporter-output>
          </reporter-output>
        </test-method> <!-- afterTest -->
        <test-method is-config="true" signature="afterSuite()[pri:0, instance:session9.TestCase1@16150369]" started-at="2022-02-25T07:48:31 IST" name="afterSuite" finished-at="2022-02-25T07:48:31 IST" duration-ms="205" status="PASS">
          <reporter-output>
          </reporter-output>
        </test-method> <!-- afterSuite -->
      </class> <!-- session9.TestCase1 -->
    </test> <!-- Test -->
  </suite> <!-- Suite -->
</testng-results>
